2019-05-29 15:12:37 EXEC SPC_GET_MESSAGE_LST
2019-05-29 15:13:58 EXEC SPC_LOGIN_ACT1 'ans713','1','','192.168.5.130';
2019-05-29 15:13:58 EXEC SPC_LOGIN_INQ1 'ans713';
2019-05-29 15:13:58 EXEC SPC_S003_LST1 'ans713';
2019-05-29 15:13:58 EXEC SPC_DB001_INQ1 'ans713';
2019-05-29 15:14:01 EXEC SPC_COM_M101_INQ1 '26','0';
2019-05-29 15:57:28 EXEC SPC_S001L_FND1 '1','','','-1','50','1';
2019-05-29 15:57:32 EXEC SPC_S001L_FND1 '100','','','-1','50','1';
2019-05-29 15:57:37 EXEC SPC_S001L_FND1 '0','','','-1','50','1';
2019-05-29 15:57:40 EXEC SPC_S001L_FND1 '-6','','','-1','50','1';
2019-05-29 15:57:51 EXEC SPC_S001L_FND1 '10000000','','','-1','50','1';
2019-05-29 15:57:54 EXEC SPC_S001L_FND1 'gfdhbgfh','','','-1','50','1';
2019-05-29 15:59:57 EXEC SPC_COM_M101_INQ1 '26','0';
2019-05-29 16:00:05 EXEC SPC_S001L_FND1 '','','','4','50','1';
2019-05-29 16:00:08 EXEC SPC_S001L_FND1 '','','','4','50','1';
2019-05-29 16:00:12 EXEC SPC_S001_INQ1 '';
2019-05-29 16:00:12 EXEC SPC_COM_M101_INQ1 '26','0';
2019-05-29 16:00:12 EXEC SPC_S001_INQ1 'ans713';
2019-05-29 16:00:17 EXEC SPC_S001_INQ1 '';
2019-05-29 16:00:17 EXEC SPC_COM_M101_INQ1 '26','0';
2019-05-29 16:00:18 EXEC SPC_S001_INQ1 'ans713';
2019-05-29 16:00:19 EXEC SPC_LM001_FND1 '','50','1';
2019-05-29 16:00:39 EXEC SPC_COM_M101_INQ1 '26','0';
2019-05-29 16:02:56 EXEC SPC_S002_INQ1
2019-05-29 16:03:09 EXEC SPC_DB001_INQ1 'ans713';
2019-05-29 16:03:11 EXEC SPC_COM_M101_INQ1 '26','0';
2019-05-29 16:05:13 EXEC SPC_COM_M101_INQ1 '26','0';
2019-05-29 16:10:20 EXEC SPC_COM_M101_INQ1 '26','0';
2019-05-29 16:16:16 EXEC SPC_COM_M101_INQ1 '26','0';
2019-05-29 16:21:31 EXEC SPC_DB001_INQ1 'ans713';
2019-05-29 17:09:43 EXEC SPC_DB001_INQ1 'ans713';
2019-05-29 17:09:56 EXEC SPC_COM_M101_INQ1 '26','0';
2019-05-29 17:10:02 EXEC SPC_S001_INQ1 '0';
2019-05-29 17:10:02 EXEC SPC_COM_M101_INQ1 '26','0';
2019-05-29 17:10:03 EXEC SPC_COMMON_REFER 'M003','','','','','','0';
2019-05-29 17:10:03 SQLSTATE[42000]: [Microsoft][ODBC Driver 17 for SQL Server][SQL Server]Procedure or function SPC_COMMON_REFER has too many arguments specified.
2019-05-29 17:10:03 EXEC SPC_COMMON_REFER 'M003','','','','','','0';
2019-05-29 17:10:03 SQLSTATE[42000]: [Microsoft][ODBC Driver 17 for SQL Server][SQL Server]Procedure or function SPC_COMMON_REFER has too many arguments specified.
2019-05-29 17:10:05 EXEC SPC_COM_M101_INQ1 '26','0';
2019-05-29 17:10:11 EXEC SPC_S001_INQ1 '0';
2019-05-29 17:10:11 EXEC SPC_COM_M101_INQ1 '26','0';
2019-05-29 17:10:12 EXEC SPC_COMMON_REFER 'M003','','','','','','0';
2019-05-29 17:10:12 SQLSTATE[42000]: [Microsoft][ODBC Driver 17 for SQL Server][SQL Server]Procedure or function SPC_COMMON_REFER has too many arguments specified.
2019-05-29 17:10:12 EXEC SPC_COMMON_REFER 'M003','','','','','','0';
2019-05-29 17:10:12 SQLSTATE[42000]: [Microsoft][ODBC Driver 17 for SQL Server][SQL Server]Procedure or function SPC_COMMON_REFER has too many arguments specified.
2019-05-29 17:11:22 EXEC SPC_S001L_FND1 '1','','','','50','1';
2019-05-29 17:11:25 EXEC SPC_S001L_FND1 '1','100','','','50','1';
2019-05-29 17:11:28 EXEC SPC_S001L_FND1 '1','100','200','','50','1';
2019-05-29 17:11:32 EXEC SPC_S001L_FND1 '1','','','','50','1';
2019-05-29 17:11:37 EXEC SPC_COM_M101_INQ1 '26','0';
2019-05-29 17:11:40 EXEC SPC_S001L_FND1 '1','','','-1','50','1';
2019-05-29 17:11:46 EXEC SPC_S001L_FND1 '2','','','-1','50','1';
2019-05-29 17:11:49 EXEC SPC_S001L_FND1 '3','','','-1','50','1';
2019-05-29 17:11:52 EXEC SPC_S001_INQ1 '';
2019-05-29 17:11:52 EXEC SPC_COM_M101_INQ1 '26','0';
2019-05-29 17:11:53 EXEC SPC_S001_INQ1 'ans713';
2019-05-29 17:11:58 EXEC SPC_COMMON_REFER 'M001','1','','','','','1';
2019-05-29 17:11:58 SQLSTATE[42000]: [Microsoft][ODBC Driver 17 for SQL Server][SQL Server]Procedure or function SPC_COMMON_REFER has too many arguments specified.
2019-05-29 17:14:05 EXEC SPC_COM_M101_INQ1 '26','0';
2019-05-29 17:15:13 EXEC SPC_COM_M101_INQ1 '26','0';
2019-05-29 17:16:52 EXEC SPC_COM_M101_INQ1 '26','0';
2019-05-29 17:35:58 EXEC SPC_COM_M101_INQ1 '26','0';
2019-05-29 17:36:01 EXEC SPC_S001_INQ1 '';
2019-05-29 17:36:01 EXEC SPC_COM_M101_INQ1 '26','0';
2019-05-29 17:36:02 EXEC SPC_S001_INQ1 'ans713';
2019-05-29 17:49:59 EXEC SPC_COM_M101_INQ1 '26','0';
2019-05-29 17:50:03 EXEC SPC_S001_INQ1 '';
2019-05-29 17:50:04 EXEC SPC_COM_M101_INQ1 '26','0';
2019-05-29 17:50:04 EXEC SPC_S001_INQ1 'ans713';
2019-05-29 17:50:07 EXEC SPC_S002_INQ1
2019-05-29 17:50:10 EXEC SPC_COM_M101_INQ1 '26','0';
2019-05-29 17:50:13 EXEC SPC_S001L_FND1 '1','','','-1','50','1';
2019-05-29 17:53:10 EXEC SPC_S001_INQ1 '0';
2019-05-29 17:53:10 EXEC SPC_COM_M101_INQ1 '26','0';
2019-05-29 17:53:11 EXEC SPC_S001_INQ1 'ans713';
2019-05-29 17:54:09 EXEC SPC_LM001_FND1 '','50','1';
2019-05-29 17:54:36 EXEC SPC_COMMON_REFER 'M003','3','','','','','0';
2019-05-29 17:54:36 SQLSTATE[42000]: [Microsoft][ODBC Driver 17 for SQL Server][SQL Server]Procedure or function SPC_COMMON_REFER has too many arguments specified.
2019-05-29 18:12:52 EXEC SPC_S001_INQ1 '';
2019-05-29 18:12:52 EXEC SPC_COM_M101_INQ1 '26','0';
2019-05-29 18:12:53 EXEC SPC_S001_INQ1 'ans713';
2019-05-29 18:13:00 EXEC SPC_COM_M101_INQ1 '26','0';
2019-05-29 18:13:56 EXEC SPC_COM_M101_INQ1 '26','0';
2019-05-29 18:27:39 EXEC SPC_LM001_FND1 '','50','1';
2019-05-29 18:27:45 EXEC SPC_LM001_FND1 '','50','1';
2019-05-29 18:30:36 EXEC SPC_LM001_FND1 '','50','1';
2019-05-29 18:31:10 EXEC SPC_LM001_FND1 '','50','1';
2019-05-29 18:31:32 EXEC SPC_LM001_FND1 '','50','1';
2019-05-29 18:36:43 EXEC SPC_LM001_FND1 '','50','1';
2019-05-29 18:36:56 EXEC SPC_LM001_FND1 '','50','1';
2019-05-29 18:45:04 EXEC SPC_COM_M101_INQ1 '26','0';
2019-05-29 18:45:07 EXEC SPC_DB001_INQ1 'ans713';
2019-05-29 18:45:18 EXEC SPC_COM_M101_INQ1 '26','0';
2019-05-29 18:45:22 EXEC SPC_DB001_INQ1 'ans713';
2019-05-29 18:45:43 EXEC SPC_COM_M101_INQ1 '26','0';
2019-05-29 18:45:49 EXEC SPC_COM_M101_INQ1 '26','0';
2019-05-29 18:46:01 EXEC SPC_S001_INQ1 '0';
2019-05-29 18:46:01 EXEC SPC_COM_M101_INQ1 '26','0';
2019-05-29 18:46:01 EXEC SPC_COMMON_REFER 'M003','','','','','','0';
2019-05-29 18:46:01 SQLSTATE[42000]: [Microsoft][ODBC Driver 17 for SQL Server][SQL Server]Procedure or function SPC_COMMON_REFER has too many arguments specified.
2019-05-29 18:46:01 EXEC SPC_COMMON_REFER 'M003','','','','','','0';
2019-05-29 18:46:01 SQLSTATE[42000]: [Microsoft][ODBC Driver 17 for SQL Server][SQL Server]Procedure or function SPC_COMMON_REFER has too many arguments specified.
2019-05-29 18:46:04 EXEC SPC_COM_M101_INQ1 '26','0';
2019-05-29 18:46:06 EXEC SPC_S001_INQ1 '0';
2019-05-29 18:46:06 EXEC SPC_COM_M101_INQ1 '26','0';
2019-05-29 18:46:07 EXEC SPC_COMMON_REFER 'M003','','','','','','0';
2019-05-29 18:46:07 SQLSTATE[42000]: [Microsoft][ODBC Driver 17 for SQL Server][SQL Server]Procedure or function SPC_COMMON_REFER has too many arguments specified.
2019-05-29 18:46:07 EXEC SPC_COMMON_REFER 'M003','','','','','','0';
2019-05-29 18:46:07 SQLSTATE[42000]: [Microsoft][ODBC Driver 17 for SQL Server][SQL Server]Procedure or function SPC_COMMON_REFER has too many arguments specified.
2019-05-29 18:47:11 EXEC SPC_S001_INQ1 '';
2019-05-29 18:47:11 EXEC SPC_COM_M101_INQ1 '26','0';
2019-05-29 18:47:12 EXEC SPC_S001_INQ1 'ans713';
2019-05-29 18:47:17 EXEC SPC_COMMON_REFER 'M003','3','','','','','0';
2019-05-29 18:47:17 SQLSTATE[42000]: [Microsoft][ODBC Driver 17 for SQL Server][SQL Server]Procedure or function SPC_COMMON_REFER has too many arguments specified.
2019-05-29 18:56:17 EXEC SPC_COM_M101_INQ1 '26','0';
2019-05-29 18:56:19 EXEC SPC_S001_INQ1 '';
2019-05-29 18:56:19 EXEC SPC_COM_M101_INQ1 '26','0';
2019-05-29 18:56:20 EXEC SPC_S001_INQ1 'ans713';
2019-05-29 18:58:29 EXEC SPC_COM_M101_INQ1 '26','0';
2019-05-29 18:58:31 EXEC SPC_S001_INQ1 '';
2019-05-29 18:58:31 EXEC SPC_COM_M101_INQ1 '26','0';
2019-05-29 18:58:32 EXEC SPC_S001_INQ1 'ans713';
2019-05-29 18:58:38 EXEC SPC_S001_INQ1 '';
2019-05-29 18:58:38 EXEC SPC_COM_M101_INQ1 '26','0';
2019-05-29 18:58:39 EXEC SPC_S001_INQ1 'ans713';
2019-05-29 18:58:40 EXEC SPC_S001_INQ1 '';
2019-05-29 18:58:40 EXEC SPC_COM_M101_INQ1 '26','0';
2019-05-29 18:58:41 EXEC SPC_S001_INQ1 'ans713';
2019-05-29 18:58:43 EXEC SPC_S001_INQ1 '';
2019-05-29 18:58:43 EXEC SPC_COM_M101_INQ1 '26','0';
2019-05-29 18:58:44 EXEC SPC_S001_INQ1 'ans713';
2019-05-29 18:58:45 EXEC SPC_S001_INQ1 '';
2019-05-29 18:58:45 EXEC SPC_COM_M101_INQ1 '26','0';
2019-05-29 18:58:45 EXEC SPC_S001_INQ1 'ans713';
2019-05-29 18:59:42 EXEC SPC_COM_M101_INQ1 '26','0';
2019-05-29 19:00:28 EXEC SPC_COM_M101_INQ1 '26','0';
2019-05-29 19:02:35 EXEC SPC_COMMON_REFER 'M001','3','','','','','3';
2019-05-29 19:02:35 SQLSTATE[42000]: [Microsoft][ODBC Driver 17 for SQL Server][SQL Server]Procedure or function SPC_COMMON_REFER has too many arguments specified.
2019-05-29 19:02:40 EXEC SPC_COMMON_REFER 'M001','','','','','','0';
2019-05-29 19:02:40 SQLSTATE[42000]: [Microsoft][ODBC Driver 17 for SQL Server][SQL Server]Procedure or function SPC_COMMON_REFER has too many arguments specified.
2019-05-29 19:16:12 EXEC SPC_LM001_FND1 '','50','1';
2019-05-29 19:16:17 EXEC SPC_LM001_FND1 '','50','1';
2019-05-29 19:16:21 EXEC SPC_LM001_FND1 '','50','1';
2019-05-29 19:18:29 EXEC SPC_S001L_FND1 '50','1';
2019-05-29 19:18:31 EXEC SPC_COMMON_REFER 'M001','1','','','','','1';
2019-05-29 19:18:31 SQLSTATE[42000]: [Microsoft][ODBC Driver 17 for SQL Server][SQL Server]Procedure or function SPC_COMMON_REFER has too many arguments specified.
2019-05-29 19:21:12 EXEC SPC_LM001_FND1 '','50','1';
2019-05-29 19:21:35 EXEC SPC_LM001_FND1 '','50','1';
2019-05-29 19:22:55 EXEC SPC_COM_M101_INQ1 '26','0';
2019-05-29 19:26:23 EXEC SPC_S001L_FND1 '50','1';
2019-05-29 19:26:25 EXEC SPC_S001L_FND1 '50','1';
2019-05-29 19:30:36 EXEC SPC_LM001_FND1 '','50','1';
2019-05-29 19:31:48 EXEC SPC_S001L_FND1 '50','1';
2019-05-29 19:32:50 EXEC SPC_S001L_FND1 '50','1';
2019-05-29 19:33:14 EXEC SPC_S001L_FND1 '50','1';
2019-05-29 19:34:00 EXEC SPC_S001L_FND1 '50','1';
2019-05-29 19:34:05 EXEC SPC_S001L_FND1 '50','1';
2019-05-29 19:34:29 EXEC SPC_S001L_FND1 '50','1';
2019-05-29 19:34:35 EXEC SPC_S001L_FND1 '50','1';
2019-05-29 19:34:42 EXEC SPC_S001L_FND1 '50','1';
2019-05-29 19:34:50 EXEC SPC_S001L_FND1 '50','1';
2019-05-29 19:35:23 EXEC SPC_S001L_FND1 '50','1';
