2019-05-27 11:45:24 EXEC SPC_GET_MESSAGE_LST
2019-05-27 11:45:37 EXEC SPC_LOGIN_ACT1 'ans731','1','','192.168.5.130';
2019-05-27 11:45:45 EXEC SPC_LOGIN_ACT1 'ans731','1','','192.168.5.130';
2019-05-27 11:45:50 EXEC SPC_LOGIN_ACT1 'ans713','1','','192.168.5.130';
2019-05-27 11:45:50 EXEC SPC_LOGIN_INQ1 'ans713';
2019-05-27 11:45:50 EXEC SPC_S003_LST1 'ans713';
2019-05-27 11:45:50 EXEC SPC_DB001_INQ1 'ans713';
2019-05-27 11:45:54 EXEC SPC_COM_M101_INQ1 '26','0';
2019-05-27 11:45:57 EXEC SPC_S001_INQ1 '';
2019-05-27 11:45:57 EXEC SPC_COM_M101_INQ1 '26','0';
2019-05-27 12:00:13 EXEC SPC_S001_INQ1 '';
2019-05-27 12:00:13 EXEC SPC_COM_M101_INQ1 '26','0';
2019-05-27 12:02:20 EXEC SPC_COMMON_REFER 'M001','10','','','','','10';
2019-05-27 12:02:20 SQLSTATE[42000]: [Microsoft][ODBC Driver 17 for SQL Server][SQL Server]Procedure or function SPC_COMMON_REFER has too many arguments specified.
2019-05-27 12:02:24 EXEC SPC_COMMON_REFER 'M001','101','','','','','101';
2019-05-27 12:02:24 SQLSTATE[42000]: [Microsoft][ODBC Driver 17 for SQL Server][SQL Server]Procedure or function SPC_COMMON_REFER has too many arguments specified.
2019-05-27 12:02:24 EXEC SPC_LM001_FND1 '','50','1';
2019-05-27 12:02:34 EXEC SPC_COM_M101_INQ1 '26','0';
2019-05-27 12:02:36 EXEC SPC_S001_INQ1 '';
2019-05-27 12:02:36 EXEC SPC_COM_M101_INQ1 '26','0';
2019-05-27 13:43:04 EXEC SPC_COM_M101_INQ1 '26','0';
2019-05-27 13:43:12 EXEC SPC_COM_M101_INQ1 '26','0';
2019-05-27 13:43:24 EXEC SPC_S001L_FND1 '01','','','-1','50','1';
2019-05-27 13:43:26 EXEC SPC_S001L_FND1 '01','','','-1','50','1';
2019-05-27 13:43:27 EXEC SPC_S001L_FND1 '01','','','-1','50','1';
2019-05-27 13:43:28 EXEC SPC_S001L_FND1 '01','','','-1','50','1';
2019-05-27 13:44:30 EXEC SPC_S002_INQ1
2019-05-27 13:44:33 EXEC SPC_COM_M101_INQ1 '26','0';
2019-05-27 13:44:36 EXEC SPC_S001L_FND1 '1','','','-1','50','1';
2019-05-27 13:44:43 EXEC SPC_S001L_FND1 '12','','','-1','50','1';
2019-05-27 13:44:46 EXEC SPC_S001L_FND1 '','','','-1','50','1';
2019-05-27 13:44:49 EXEC SPC_S001_INQ1 '';
2019-05-27 13:44:49 EXEC SPC_COM_M101_INQ1 '26','0';
2019-05-27 13:44:53 EXEC SPC_DB001_INQ1 'ans713';
2019-05-27 13:44:55 EXEC SPC_S002_INQ1
2019-05-27 13:45:11 EXEC SPC_COM_M101_INQ1 '26','0';
2019-05-27 15:06:50 EXEC SPC_COM_M101_INQ1 '26','0';
2019-05-27 15:10:43 EXEC SPC_S001_INQ1 '';
2019-05-27 15:10:43 EXEC SPC_COM_M101_INQ1 '26','0';
2019-05-27 15:28:51 EXEC SPC_LM001_FND1 '','50','1';
2019-05-27 15:28:59 EXEC SPC_LM001_FND1 '','50','1';
2019-05-27 16:27:03 EXEC SPC_LM001_FND1 '','50','1';
