2019-05-28 15:35:40 EXEC SPC_GET_MESSAGE_LST
2019-05-28 15:35:49 EXEC SPC_LOGIN_ACT1 'ans713','1','','192.168.5.130';
2019-05-28 15:35:49 EXEC SPC_LOGIN_INQ1 'ans713';
2019-05-28 15:35:49 EXEC SPC_S003_LST1 'ans713';
2019-05-28 15:35:49 EXEC SPC_DB001_INQ1 'ans713';
2019-05-28 15:36:17 EXEC SPC_COM_M101_INQ1 '26','0';
2019-05-28 15:37:38 EXEC SPC_S001_INQ1 '';
2019-05-28 15:37:38 EXEC SPC_COM_M101_INQ1 '26','0';
2019-05-28 15:37:39 EXEC SPC_S001_INQ1 'ans713';
2019-05-28 15:39:27 EXEC SPC_S001_INQ1 'sgfs';
2019-05-28 15:39:31 EXEC SPC_S001_INQ1 'cxvbxcv';
2019-05-28 15:39:36 EXEC SPC_S001_INQ1 'ans713';
2019-05-28 15:39:40 EXEC SPC_LM001_FND1 '','50','1';
2019-05-28 15:39:44 EXEC SPC_LM001_FND1 'kjlhjl','50','1';
2019-05-28 15:39:47 EXEC SPC_LM001_FND1 'dfsg\','50','1';
2019-05-28 15:39:50 EXEC SPC_LM001_FND1 '1','50','1';
2019-05-28 15:39:53 EXEC SPC_LM001_FND1 'n','50','1';
2019-05-28 15:47:50 EXEC SPC_COM_M101_INQ1 '26','0';
2019-05-28 15:47:55 EXEC SPC_S001_INQ1 '';
2019-05-28 15:47:55 EXEC SPC_COM_M101_INQ1 '26','0';
2019-05-28 15:47:57 EXEC SPC_S001_INQ1 'ans713';
2019-05-28 16:15:08 EXEC SPC_COM_M101_INQ1 '26','0';
2019-05-28 16:15:26 EXEC SPC_S001L_FND1 '1','100','','-1','50','1';
2019-05-28 16:22:09 EXEC SPC_S001_INQ1 '0';
2019-05-28 16:22:09 EXEC SPC_COM_M101_INQ1 '26','0';
2019-05-28 16:22:10 EXEC SPC_COMMON_REFER 'M003','','','','','','0';
2019-05-28 16:22:10 SQLSTATE[42000]: [Microsoft][ODBC Driver 17 for SQL Server][SQL Server]Procedure or function SPC_COMMON_REFER has too many arguments specified.
2019-05-28 16:22:10 EXEC SPC_COMMON_REFER 'M003','','','','','','0';
2019-05-28 16:22:10 SQLSTATE[42000]: [Microsoft][ODBC Driver 17 for SQL Server][SQL Server]Procedure or function SPC_COMMON_REFER has too many arguments specified.
2019-05-28 16:22:13 EXEC SPC_COM_M101_INQ1 '26','0';
2019-05-28 17:02:05 EXEC SPC_COM_M101_INQ1 '26','0';
2019-05-28 17:03:19 EXEC SPC_S001L_FND1 '','','','-1','50','1';
2019-05-28 17:42:34 EXEC SPC_S001_INQ1 '740';
2019-05-28 17:42:34 EXEC SPC_COM_M101_INQ1 '26','0';
2019-05-28 17:42:35 EXEC SPC_COMMON_REFER 'M003','4','','','','','0';
2019-05-28 17:42:35 SQLSTATE[42000]: [Microsoft][ODBC Driver 17 for SQL Server][SQL Server]Procedure or function SPC_COMMON_REFER has too many arguments specified.
2019-05-28 17:42:48 EXEC SPC_S001_ACT2 '740','ans713','S001','::1','';
2019-05-28 17:42:49 EXEC SPC_S001_INQ1 '';
2019-05-28 17:42:49 EXEC SPC_COM_M101_INQ1 '26','0';
2019-05-28 17:42:51 EXEC SPC_S001_INQ1 'ans713';
2019-05-28 17:43:02 EXEC SPC_COM_M101_INQ1 '26','0';
2019-05-28 17:43:05 EXEC SPC_S001_INQ1 '0';
2019-05-28 17:43:05 EXEC SPC_COM_M101_INQ1 '26','0';
2019-05-28 17:43:06 EXEC SPC_COMMON_REFER 'M003','','','','','','0';
2019-05-28 17:43:06 SQLSTATE[42000]: [Microsoft][ODBC Driver 17 for SQL Server][SQL Server]Procedure or function SPC_COMMON_REFER has too many arguments specified.
2019-05-28 17:43:06 EXEC SPC_COMMON_REFER 'M003','','','','','','0';
2019-05-28 17:43:06 SQLSTATE[42000]: [Microsoft][ODBC Driver 17 for SQL Server][SQL Server]Procedure or function SPC_COMMON_REFER has too many arguments specified.
2019-05-28 17:43:06 EXEC SPC_COM_M101_INQ1 '26','0';
2019-05-28 17:43:06 EXEC SPC_S001L_FND1 '','','','-1','50','1';
2019-05-28 18:32:28 EXEC SPC_COM_M101_INQ1 '26','0';
2019-05-28 18:32:35 EXEC SPC_S001L_FND1 '1','10','','-1','50','1';
2019-05-28 19:22:07 EXEC SPC_S001_INQ1 '';
2019-05-28 19:22:07 EXEC SPC_COM_M101_INQ1 '26','0';
2019-05-28 19:22:08 EXEC SPC_S001_INQ1 'ans713';
2019-05-28 19:22:10 EXEC SPC_LM001_FND1 '','50','1';
2019-05-28 19:22:14 EXEC SPC_LM001_FND1 '1','50','1';
2019-05-28 19:22:16 EXEC SPC_LM001_FND1 '2','50','1';
2019-05-28 19:22:19 EXEC SPC_LM001_FND1 '3','50','1';
2019-05-28 19:22:21 EXEC SPC_LM001_FND1 '','50','1';
2019-05-28 19:25:50 EXEC SPC_COMMON_REFER 'M003','1','','','','','0';
2019-05-28 19:25:50 SQLSTATE[42000]: [Microsoft][ODBC Driver 17 for SQL Server][SQL Server]Procedure or function SPC_COMMON_REFER has too many arguments specified.
2019-05-28 19:26:04 EXEC SPC_DB001_INQ1 'ans713';
2019-05-28 19:26:39 EXEC SPC_DB001_INQ1 'ans713';
