2019-07-26 19:14:56 EXEC SPC_I009_FND1 '','','','','2019/10','2019/12','1';
2019-07-26 19:15:01 EXEC SPC_I009_FND1 '','','','','2019/01','2019/12','1';
2019-07-26 19:15:24 EXEC SPC_I009_FND1 '','','','','','','1';
2019-07-26 19:18:50 EXEC SPC_I009_FND1 '','','','','','','1';
2019-07-26 19:18:57 EXEC SPC_LM003_INQ1
2019-07-26 19:18:57 EXEC SPC_LM003_FND2 '','','','50','1','1';
2019-07-26 19:18:59 EXEC SPC_M001_INQ1 'undefined';
2019-07-26 19:18:59 SQLSTATE[42000]: [Microsoft][ODBC Driver 13 for SQL Server][SQL Server]Error converting data type nvarchar to smallint.
2019-07-26 19:19:01 EXEC SPC_LM003_INQ1
2019-07-26 19:19:02 EXEC SPC_LM003_FND2 '','','','50','1','1';
2019-07-26 19:19:04 EXEC SPC_M001_INQ1 'undefined';
2019-07-26 19:19:04 SQLSTATE[42000]: [Microsoft][ODBC Driver 13 for SQL Server][SQL Server]Error converting data type nvarchar to smallint.
2019-07-26 19:19:06 EXEC SPC_LM003_INQ1
2019-07-26 19:19:07 EXEC SPC_LM003_FND2 '','','','50','1','1';
2019-07-26 19:19:08 EXEC SPC_M001_INQ1 'undefined';
2019-07-26 19:19:08 SQLSTATE[42000]: [Microsoft][ODBC Driver 13 for SQL Server][SQL Server]Error converting data type nvarchar to smallint.
2019-07-26 19:22:01 EXEC SPC_I009_FND1 '','','','','','','1';
2019-07-26 19:22:04 EXEC SPC_LM003_INQ1
2019-07-26 19:22:05 EXEC SPC_LM003_FND2 '','','','50','1','1';
2019-07-26 19:22:06 EXEC SPC_M001_INQ1 'undefined';
2019-07-26 19:22:06 SQLSTATE[42000]: [Microsoft][ODBC Driver 13 for SQL Server][SQL Server]Error converting data type nvarchar to smallint.
2019-07-26 19:22:48 EXEC SPC_I009_FND1 '','','','','','','1';
2019-07-26 19:22:49 EXEC SPC_LM003_INQ1
2019-07-26 19:22:50 EXEC SPC_LM003_FND2 '','','','50','1','1';
2019-07-26 19:22:52 EXEC SPC_M001_INQ1 'undefined';
2019-07-26 19:22:52 SQLSTATE[42000]: [Microsoft][ODBC Driver 13 for SQL Server][SQL Server]Error converting data type nvarchar to smallint.
2019-07-26 19:23:55 EXEC SPC_I009_FND1 '','','','','','','1';
2019-07-26 19:23:57 EXEC SPC_LM003_INQ1
2019-07-26 19:23:57 EXEC SPC_LM003_FND2 '','','','50','1','1';
2019-07-26 19:23:59 EXEC SPC_M001_INQ1 'undefined';
2019-07-26 19:23:59 SQLSTATE[42000]: [Microsoft][ODBC Driver 13 for SQL Server][SQL Server]Error converting data type nvarchar to smallint.
2019-07-26 19:24:01 EXEC SPC_LM003_INQ1
2019-07-26 19:24:01 EXEC SPC_LM003_FND2 '','','','50','1','1';
2019-07-26 19:24:03 EXEC SPC_M001_INQ1 'undefined';
2019-07-26 19:24:03 SQLSTATE[42000]: [Microsoft][ODBC Driver 13 for SQL Server][SQL Server]Error converting data type nvarchar to smallint.
2019-07-26 19:24:19 EXEC SPC_I009_FND1 '','','','','','','1';
2019-07-26 19:24:21 EXEC SPC_LM003_INQ1
2019-07-26 19:24:21 EXEC SPC_LM003_FND2 '','','','50','1','1';
2019-07-26 19:24:22 EXEC SPC_M001_INQ1 'undefined';
2019-07-26 19:24:22 SQLSTATE[42000]: [Microsoft][ODBC Driver 13 for SQL Server][SQL Server]Error converting data type nvarchar to smallint.
2019-07-26 19:25:25 EXEC SPC_LM003_INQ1
2019-07-26 19:25:25 EXEC SPC_LM003_FND2 '','','','50','1','1';
2019-07-26 19:25:27 EXEC SPC_M001_INQ1 'undefined';
2019-07-26 19:25:27 SQLSTATE[42000]: [Microsoft][ODBC Driver 13 for SQL Server][SQL Server]Error converting data type nvarchar to smallint.
2019-07-26 19:27:08 EXEC SPC_LM003_INQ1
2019-07-26 19:27:08 EXEC SPC_LM003_FND2 '','','','50','1','1';
2019-07-26 19:27:10 EXEC SPC_M001_INQ1 'undefined';
2019-07-26 19:27:10 SQLSTATE[42000]: [Microsoft][ODBC Driver 13 for SQL Server][SQL Server]Error converting data type nvarchar to smallint.
2019-07-26 19:30:51 EXEC SPC_LM003_INQ1
2019-07-26 19:30:52 EXEC SPC_LM003_FND2 '','','','50','1','1';
2019-07-26 19:30:54 EXEC SPC_M001_INQ1 'undefined';
2019-07-26 19:30:54 SQLSTATE[42000]: [Microsoft][ODBC Driver 13 for SQL Server][SQL Server]Error converting data type nvarchar to smallint.
2019-07-26 19:32:41 EXEC SPC_LM003_INQ1
2019-07-26 19:32:42 EXEC SPC_LM003_FND2 '','','','50','1','1';
2019-07-26 19:32:50 EXEC SPC_M001_INQ1 'undefined';
2019-07-26 19:32:50 SQLSTATE[42000]: [Microsoft][ODBC Driver 13 for SQL Server][SQL Server]Error converting data type nvarchar to smallint.
2019-07-26 19:33:04 EXEC SPC_LM003_INQ1
2019-07-26 19:33:05 EXEC SPC_LM003_FND2 '','','','50','1','1';
2019-07-26 19:33:06 EXEC SPC_M001_INQ1 'undefined';
2019-07-26 19:33:06 SQLSTATE[42000]: [Microsoft][ODBC Driver 13 for SQL Server][SQL Server]Error converting data type nvarchar to smallint.
2019-07-26 19:33:52 EXEC SPC_LM003_INQ1
2019-07-26 19:33:52 EXEC SPC_LM003_FND2 '','','','50','1','1';
2019-07-26 19:33:57 EXEC SPC_LM003_INQ1
2019-07-26 19:33:57 EXEC SPC_LM003_FND2 '','','','50','1','1';
2019-07-26 19:34:20 EXEC SPC_LM003_INQ1
2019-07-26 19:34:20 EXEC SPC_LM003_FND2 '','','','50','1','1';
2019-07-26 19:39:04 EXEC SPC_LM003_INQ1
2019-07-26 19:39:05 EXEC SPC_LM003_FND2 '','','','50','1','1';
2019-07-26 19:39:11 EXEC SPC_LM003_INQ1
2019-07-26 19:39:11 EXEC SPC_LM003_FND2 '','','','50','1','1';
2019-07-26 19:41:16 EXEC SPC_LM003_INQ1
2019-07-26 19:41:17 EXEC SPC_LM003_FND2 '','','','50','1','1';
2019-07-26 19:42:23 EXEC SPC_LM003_INQ1
2019-07-26 19:42:24 EXEC SPC_LM003_FND2 '','','','50','1','1';
2019-07-26 19:43:31 EXEC SPC_I009_FND1 '','','','3','','','1';
2019-07-26 19:43:38 EXEC SPC_I009_FND1 '','','','','','','1';
2019-07-26 19:43:46 EXEC SPC_LM003_INQ1
2019-07-26 19:43:47 EXEC SPC_LM003_FND2 '','','','50','1','1';
2019-07-26 19:45:02 EXEC SPC_LM003_INQ1
2019-07-26 19:45:02 EXEC SPC_LM003_FND2 '','','','50','1','1';
2019-07-26 19:45:05 EXEC SPC_I009_FND1 '','','','3','','','1';
2019-07-26 19:45:07 EXEC SPC_LM003_INQ1
2019-07-26 19:45:07 EXEC SPC_LM003_FND2 '','','','50','1','1';
2019-07-26 19:45:25 EXEC SPC_I009_FND1 '','','','','','','1';
2019-07-26 19:45:27 EXEC SPC_LM003_INQ1
2019-07-26 19:45:28 EXEC SPC_LM003_FND2 '','','','50','1','1';
2019-07-26 19:48:36 EXEC SPC_DB001_INQ1 'ans713';
2019-07-26 19:48:43 EXEC SPC_M001_INQ1
2019-07-26 19:49:03 EXEC SPC_S001_INQ1 '';
2019-07-26 19:49:03 EXEC SPC_COM_M101_INQ1 '26','0';
2019-07-26 19:49:05 EXEC SPC_S001_INQ1 'ans713';
2019-07-26 19:49:41 EXEC SPC_LM001_FND1 '','50','1';
2019-07-26 19:49:42 EXEC SPC_M001_INQ1 '6';
2019-07-26 19:51:21 EXEC SPC_LM003_INQ1
2019-07-26 19:51:22 EXEC SPC_LM003_FND2 '','','','50','1','1';
2019-07-26 19:52:39 EXEC SPC_I009_FND1 '','','','','','','1';
2019-07-26 19:52:40 EXEC SPC_LM003_INQ1
2019-07-26 19:52:41 EXEC SPC_LM003_FND2 '','','','50','1','1';
2019-07-26 19:55:15 EXEC SPC_LM003_INQ1
2019-07-26 19:55:15 EXEC SPC_LM003_FND2 '','','','50','1','1';
2019-07-26 19:55:27 EXEC SPC_LM003_INQ1
2019-07-26 19:55:28 EXEC SPC_LM003_FND2 '','','','50','1','1';
2019-07-26 19:57:26 EXEC SPC_I009_FND1 '','','','','','','1';
2019-07-26 19:57:27 EXEC SPC_LM003_INQ1
2019-07-26 19:57:28 EXEC SPC_LM003_FND2 '','','','50','1','1';
2019-07-26 19:59:33 EXEC SPC_I009_FND1 '','','','','','','1';
2019-07-26 19:59:42 EXEC SPC_LM003_INQ1
2019-07-26 19:59:43 EXEC SPC_LM003_FND2 '','','','50','1','1';
2019-07-26 20:05:17 EXEC SPC_LM003_INQ1
2019-07-26 20:05:18 EXEC SPC_LM003_FND2 '','','','50','1','1';
2019-07-26 20:05:54 EXEC SPC_I009_FND1 '','','','','','','1';
2019-07-26 20:07:09 EXEC SPC_LM003_INQ1
2019-07-26 20:07:10 EXEC SPC_LM003_FND2 '','','','50','1','1';
2019-07-26 20:07:26 EXEC SPC_LM003_INQ1
2019-07-26 20:07:26 EXEC SPC_LM003_FND2 '','','','50','1','1';
2019-07-26 20:07:38 EXEC SPC_LM003_FND2 '','2','','50','1','1';
2019-07-26 20:07:55 EXEC SPC_LM003_INQ1
2019-07-26 20:07:55 EXEC SPC_LM003_FND2 '','','','50','1','1';
