2019-09-16 10:53:41 EXEC SPC_GET_MESSAGE_LST
2019-09-16 10:53:47 EXEC SPC_LOGIN_ACT1 'ans713','1','','192.168.5.134';
2019-09-16 10:53:47 EXEC SPC_LOGIN_INQ1 'ans713';
2019-09-16 10:53:47 EXEC SPC_S003_LST1 'ans713';
2019-09-16 10:53:48 EXEC SPC_DB001_INQ1 'ans713';
2019-09-16 13:25:25 EXEC SPC_L013_RPT5 N'1' , N'' , N'' , N'' , N'' , N'' , N''
2019-09-16 13:31:24 EXEC SPC_L013_RPT5 N'1' , N'' , N'' , N'' , N'' , N'' , N''
2019-09-16 13:32:16 EXEC SPC_L013_RPT5 N'1' , N'' , N'' , N'' , N'' , N'' , N''
2019-09-16 13:35:09 EXEC SPC_L013_RPT5 N'1' , N'' , N'' , N'' , N'' , N'' , N''
2019-09-16 13:37:43 EXEC SPC_L013_RPT5 N'1' , N'' , N'' , N'' , N'' , N'' , N''
2019-09-16 13:39:18 EXEC SPC_L013_RPT5 N'1' , N'' , N'' , N'' , N'' , N'' , N''
2019-09-16 13:40:11 EXEC SPC_L013_RPT5 N'1' , N'' , N'' , N'' , N'' , N'' , N''
2019-09-16 14:01:07 EXEC SPC_DB001_INQ1 'ans713';
2019-09-16 15:05:24 EXEC SPC_L013_RPT5 N'1' , N'' , N'' , N'' , N'' , N'' , N''
2019-09-16 15:11:57 EXEC SPC_L013_RPT5 N'1' , N'' , N'' , N'' , N'' , N'' , N''
2019-09-16 15:19:00 EXEC SPC_L013_RPT5 N'1' , N'' , N'' , N'' , N'' , N'' , N''
2019-09-16 15:23:26 EXEC SPC_L013_RPT5 N'1' , N'' , N'' , N'' , N'' , N'' , N''
2019-09-16 15:48:43 EXEC SPC_L013_RPT5 N'1' , N'' , N'' , N'' , N'' , N'' , N''
2019-09-16 15:57:22 EXEC SPC_L013_FND1 '1','','','','','','','1';
2019-09-16 15:59:22 EXEC SPC_L013_FND1 '1','','','','','','','1';
2019-09-16 15:59:34 EXEC SPC_L013_RPT1 N'1' , N'' , N'' , N'' , N'' , N'' , N'' , N'1' , N'1'
2019-09-16 16:00:26 EXEC SPC_L013_RPT1 N'1' , N'' , N'' , N'' , N'' , N'' , N'' , N'2' , N'1'
2019-09-16 16:01:00 EXEC SPC_L013_RPT3 N'1' , N'' , N'' , N'' , N'' , N'' , N'' , N'1'
2019-09-16 16:02:36 EXEC SPC_L013_RPT2 N'1' , N'' , N'' , N'' , N'' , N'' , N'' , N'1'
2019-09-16 16:28:39 EXEC SPC_L013_RPT5 N'1' , N'' , N'' , N'' , N'' , N'' , N''
2019-09-16 16:55:53 EXEC SPC_L013_RPT5 N'1' , N'' , N'' , N'' , N'' , N'' , N''
2019-09-16 16:56:19 EXEC SPC_L013_RPT5 N'1' , N'' , N'' , N'' , N'' , N'' , N''
2019-09-16 16:56:42 EXEC SPC_L013_RPT5 N'1' , N'' , N'' , N'' , N'' , N'' , N''
2019-09-16 17:00:20 EXEC SPC_L013_RPT5 N'1' , N'' , N'' , N'' , N'' , N'' , N''
2019-09-16 17:01:53 EXEC SPC_L013_RPT5 N'1' , N'' , N'' , N'' , N'' , N'' , N''
2019-09-16 17:02:22 EXEC SPC_L013_RPT5 N'1' , N'' , N'' , N'' , N'' , N'' , N''
2019-09-16 17:02:38 EXEC SPC_L013_RPT5 N'1' , N'' , N'' , N'' , N'' , N'' , N''
2019-09-16 17:06:27 EXEC SPC_L013_RPT5 N'1' , N'' , N'' , N'' , N'' , N'' , N''
2019-09-16 17:19:57 EXEC SPC_L013_RPT5 N'1' , N'' , N'' , N'' , N'' , N'' , N''
2019-09-16 17:38:41 EXEC SPC_L013_RPT5 N'1' , N'' , N'' , N'' , N'' , N'' , N''
